2024-11-22 16:26:29,496 [Worker-6: Loading available Gradle versions] INFO  o.e.b.c.i.u.g.PublishedGradleVersions - Gradle version information cache is out-of-date. Trying to update.
2024-11-22 16:31:32,776 [Worker-7: Launching mavenrun-dec672ba-4d26-465c-a7a5-c8fcd22759c4] INFO  o.eclipse.m2e.core.internal.Bundles - getClasspathEntries(Bundle=org.eclipse.m2e.maven.runtime_3.9.900.20240824-1409 [654])
2024-11-22 16:31:32,778 [Worker-7: Launching mavenrun-dec672ba-4d26-465c-a7a5-c8fcd22759c4] INFO  o.eclipse.m2e.core.internal.Bundles - 	Entry: /snap/eclipse/101/plugins/org.eclipse.m2e.maven.runtime_3.9.900.20240824-1409
2024-11-22 16:31:32,778 [Worker-7: Launching mavenrun-dec672ba-4d26-465c-a7a5-c8fcd22759c4] INFO  o.eclipse.m2e.core.internal.Bundles - 	Entry: /snap/eclipse/101/plugins/org.eclipse.m2e.maven.runtime_3.9.900.20240824-1409/jars/aopalliance-1.0.jar
2024-11-22 16:31:32,778 [Worker-7: Launching mavenrun-dec672ba-4d26-465c-a7a5-c8fcd22759c4] INFO  o.eclipse.m2e.core.internal.Bundles - 	Entry: /snap/eclipse/101/plugins/org.eclipse.m2e.maven.runtime_3.9.900.20240824-1409/jars/guice-5.1.0.jar
2024-11-22 16:31:32,778 [Worker-7: Launching mavenrun-dec672ba-4d26-465c-a7a5-c8fcd22759c4] INFO  o.eclipse.m2e.core.internal.Bundles - 	Entry: /snap/eclipse/101/plugins/org.eclipse.m2e.maven.runtime_3.9.900.20240824-1409/jars/httpclient-4.5.14.jar
2024-11-22 16:31:32,778 [Worker-7: Launching mavenrun-dec672ba-4d26-465c-a7a5-c8fcd22759c4] INFO  o.eclipse.m2e.core.internal.Bundles - 	Entry: /snap/eclipse/101/plugins/org.eclipse.m2e.maven.runtime_3.9.900.20240824-1409/jars/httpcore-4.4.16.jar
2024-11-22 16:31:32,778 [Worker-7: Launching mavenrun-dec672ba-4d26-465c-a7a5-c8fcd22759c4] INFO  o.eclipse.m2e.core.internal.Bundles - 	Entry: /snap/eclipse/101/plugins/org.eclipse.m2e.maven.runtime_3.9.900.20240824-1409/jars/jansi-2.4.1.jar
2024-11-22 16:31:32,778 [Worker-7: Launching mavenrun-dec672ba-4d26-465c-a7a5-c8fcd22759c4] INFO  o.eclipse.m2e.core.internal.Bundles - 	Entry: /snap/eclipse/101/plugins/org.eclipse.m2e.maven.runtime_3.9.900.20240824-1409/jars/jcl-over-slf4j-1.7.36.jar
2024-11-22 16:31:32,778 [Worker-7: Launching mavenrun-dec672ba-4d26-465c-a7a5-c8fcd22759c4] INFO  o.eclipse.m2e.core.internal.Bundles - 	Entry: /snap/eclipse/101/plugins/org.eclipse.m2e.maven.runtime_3.9.900.20240824-1409/jars/maven-artifact-3.9.9.jar
2024-11-22 16:31:32,778 [Worker-7: Launching mavenrun-dec672ba-4d26-465c-a7a5-c8fcd22759c4] INFO  o.eclipse.m2e.core.internal.Bundles - 	Entry: /snap/eclipse/101/plugins/org.eclipse.m2e.maven.runtime_3.9.900.20240824-1409/jars/maven-builder-support-3.9.9.jar
2024-11-22 16:31:32,778 [Worker-7: Launching mavenrun-dec672ba-4d26-465c-a7a5-c8fcd22759c4] INFO  o.eclipse.m2e.core.internal.Bundles - 	Entry: /snap/eclipse/101/plugins/org.eclipse.m2e.maven.runtime_3.9.900.20240824-1409/jars/maven-compat-3.9.9.jar
2024-11-22 16:31:32,778 [Worker-7: Launching mavenrun-dec672ba-4d26-465c-a7a5-c8fcd22759c4] INFO  o.eclipse.m2e.core.internal.Bundles - 	Entry: /snap/eclipse/101/plugins/org.eclipse.m2e.maven.runtime_3.9.900.20240824-1409/jars/maven-core-3.9.9.jar
2024-11-22 16:31:32,778 [Worker-7: Launching mavenrun-dec672ba-4d26-465c-a7a5-c8fcd22759c4] INFO  o.eclipse.m2e.core.internal.Bundles - 	Entry: /snap/eclipse/101/plugins/org.eclipse.m2e.maven.runtime_3.9.900.20240824-1409/jars/maven-embedder-3.9.9.jar
2024-11-22 16:31:32,778 [Worker-7: Launching mavenrun-dec672ba-4d26-465c-a7a5-c8fcd22759c4] INFO  o.eclipse.m2e.core.internal.Bundles - 	Entry: /snap/eclipse/101/plugins/org.eclipse.m2e.maven.runtime_3.9.900.20240824-1409/jars/maven-model-3.9.9.jar
2024-11-22 16:31:32,778 [Worker-7: Launching mavenrun-dec672ba-4d26-465c-a7a5-c8fcd22759c4] INFO  o.eclipse.m2e.core.internal.Bundles - 	Entry: /snap/eclipse/101/plugins/org.eclipse.m2e.maven.runtime_3.9.900.20240824-1409/jars/maven-model-builder-3.9.9.jar
2024-11-22 16:31:32,778 [Worker-7: Launching mavenrun-dec672ba-4d26-465c-a7a5-c8fcd22759c4] INFO  o.eclipse.m2e.core.internal.Bundles - 	Entry: /snap/eclipse/101/plugins/org.eclipse.m2e.maven.runtime_3.9.900.20240824-1409/jars/maven-plugin-api-3.9.9.jar
2024-11-22 16:31:32,778 [Worker-7: Launching mavenrun-dec672ba-4d26-465c-a7a5-c8fcd22759c4] INFO  o.eclipse.m2e.core.internal.Bundles - 	Entry: /snap/eclipse/101/plugins/org.eclipse.m2e.maven.runtime_3.9.900.20240824-1409/jars/maven-repository-metadata-3.9.9.jar
2024-11-22 16:31:32,779 [Worker-7: Launching mavenrun-dec672ba-4d26-465c-a7a5-c8fcd22759c4] INFO  o.eclipse.m2e.core.internal.Bundles - 	Entry: /snap/eclipse/101/plugins/org.eclipse.m2e.maven.runtime_3.9.900.20240824-1409/jars/maven-resolver-api-1.9.22.jar
2024-11-22 16:31:32,779 [Worker-7: Launching mavenrun-dec672ba-4d26-465c-a7a5-c8fcd22759c4] INFO  o.eclipse.m2e.core.internal.Bundles - 	Entry: /snap/eclipse/101/plugins/org.eclipse.m2e.maven.runtime_3.9.900.20240824-1409/jars/maven-resolver-connector-basic-1.9.22.jar
2024-11-22 16:31:32,779 [Worker-7: Launching mavenrun-dec672ba-4d26-465c-a7a5-c8fcd22759c4] INFO  o.eclipse.m2e.core.internal.Bundles - 	Entry: /snap/eclipse/101/plugins/org.eclipse.m2e.maven.runtime_3.9.900.20240824-1409/jars/maven-resolver-impl-1.9.22.jar
2024-11-22 16:31:32,779 [Worker-7: Launching mavenrun-dec672ba-4d26-465c-a7a5-c8fcd22759c4] INFO  o.eclipse.m2e.core.internal.Bundles - 	Entry: /snap/eclipse/101/plugins/org.eclipse.m2e.maven.runtime_3.9.900.20240824-1409/jars/maven-resolver-named-locks-1.9.22.jar
2024-11-22 16:31:32,779 [Worker-7: Launching mavenrun-dec672ba-4d26-465c-a7a5-c8fcd22759c4] INFO  o.eclipse.m2e.core.internal.Bundles - 	Entry: /snap/eclipse/101/plugins/org.eclipse.m2e.maven.runtime_3.9.900.20240824-1409/jars/maven-resolver-provider-3.9.9.jar
2024-11-22 16:31:32,779 [Worker-7: Launching mavenrun-dec672ba-4d26-465c-a7a5-c8fcd22759c4] INFO  o.eclipse.m2e.core.internal.Bundles - 	Entry: /snap/eclipse/101/plugins/org.eclipse.m2e.maven.runtime_3.9.900.20240824-1409/jars/maven-resolver-spi-1.9.22.jar
2024-11-22 16:31:32,779 [Worker-7: Launching mavenrun-dec672ba-4d26-465c-a7a5-c8fcd22759c4] INFO  o.eclipse.m2e.core.internal.Bundles - 	Entry: /snap/eclipse/101/plugins/org.eclipse.m2e.maven.runtime_3.9.900.20240824-1409/jars/maven-resolver-transport-file-1.9.22.jar
2024-11-22 16:31:32,779 [Worker-7: Launching mavenrun-dec672ba-4d26-465c-a7a5-c8fcd22759c4] INFO  o.eclipse.m2e.core.internal.Bundles - 	Entry: /snap/eclipse/101/plugins/org.eclipse.m2e.maven.runtime_3.9.900.20240824-1409/jars/maven-resolver-transport-http-1.9.22.jar
2024-11-22 16:31:32,779 [Worker-7: Launching mavenrun-dec672ba-4d26-465c-a7a5-c8fcd22759c4] INFO  o.eclipse.m2e.core.internal.Bundles - 	Entry: /snap/eclipse/101/plugins/org.eclipse.m2e.maven.runtime_3.9.900.20240824-1409/jars/maven-resolver-transport-wagon-1.9.22.jar
2024-11-22 16:31:32,779 [Worker-7: Launching mavenrun-dec672ba-4d26-465c-a7a5-c8fcd22759c4] INFO  o.eclipse.m2e.core.internal.Bundles - 	Entry: /snap/eclipse/101/plugins/org.eclipse.m2e.maven.runtime_3.9.900.20240824-1409/jars/maven-resolver-util-1.9.22.jar
2024-11-22 16:31:32,779 [Worker-7: Launching mavenrun-dec672ba-4d26-465c-a7a5-c8fcd22759c4] INFO  o.eclipse.m2e.core.internal.Bundles - 	Entry: /snap/eclipse/101/plugins/org.eclipse.m2e.maven.runtime_3.9.900.20240824-1409/jars/maven-settings-3.9.9.jar
2024-11-22 16:31:32,779 [Worker-7: Launching mavenrun-dec672ba-4d26-465c-a7a5-c8fcd22759c4] INFO  o.eclipse.m2e.core.internal.Bundles - 	Entry: /snap/eclipse/101/plugins/org.eclipse.m2e.maven.runtime_3.9.900.20240824-1409/jars/maven-settings-builder-3.9.9.jar
2024-11-22 16:31:32,780 [Worker-7: Launching mavenrun-dec672ba-4d26-465c-a7a5-c8fcd22759c4] INFO  o.eclipse.m2e.core.internal.Bundles - 	Entry: /snap/eclipse/101/plugins/org.eclipse.m2e.maven.runtime_3.9.900.20240824-1409/jars/maven-shared-utils-3.4.2.jar
2024-11-22 16:31:32,780 [Worker-7: Launching mavenrun-dec672ba-4d26-465c-a7a5-c8fcd22759c4] INFO  o.eclipse.m2e.core.internal.Bundles - 	Entry: /snap/eclipse/101/plugins/org.eclipse.m2e.maven.runtime_3.9.900.20240824-1409/jars/org.eclipse.sisu.inject-0.9.0.M3.jar
2024-11-22 16:31:32,780 [Worker-7: Launching mavenrun-dec672ba-4d26-465c-a7a5-c8fcd22759c4] INFO  o.eclipse.m2e.core.internal.Bundles - 	Entry: /snap/eclipse/101/plugins/org.eclipse.m2e.maven.runtime_3.9.900.20240824-1409/jars/org.eclipse.sisu.plexus-0.9.0.M3.jar
2024-11-22 16:31:32,781 [Worker-7: Launching mavenrun-dec672ba-4d26-465c-a7a5-c8fcd22759c4] INFO  o.eclipse.m2e.core.internal.Bundles - 	Entry: /snap/eclipse/101/plugins/org.eclipse.m2e.maven.runtime_3.9.900.20240824-1409/jars/plexus-build-api-0.0.7.jar
2024-11-22 16:31:32,781 [Worker-7: Launching mavenrun-dec672ba-4d26-465c-a7a5-c8fcd22759c4] INFO  o.eclipse.m2e.core.internal.Bundles - 	Entry: /snap/eclipse/101/plugins/org.eclipse.m2e.maven.runtime_3.9.900.20240824-1409/jars/plexus-build-api-1.2.0.jar
2024-11-22 16:31:32,781 [Worker-7: Launching mavenrun-dec672ba-4d26-465c-a7a5-c8fcd22759c4] INFO  o.eclipse.m2e.core.internal.Bundles - 	Entry: /snap/eclipse/101/plugins/org.eclipse.m2e.maven.runtime_3.9.900.20240824-1409/jars/plexus-cipher-2.0.jar
2024-11-22 16:31:32,781 [Worker-7: Launching mavenrun-dec672ba-4d26-465c-a7a5-c8fcd22759c4] INFO  o.eclipse.m2e.core.internal.Bundles - 	Entry: /snap/eclipse/101/plugins/org.eclipse.m2e.maven.runtime_3.9.900.20240824-1409/jars/plexus-classworlds-2.8.0.jar
2024-11-22 16:31:32,781 [Worker-7: Launching mavenrun-dec672ba-4d26-465c-a7a5-c8fcd22759c4] INFO  o.eclipse.m2e.core.internal.Bundles - 	Entry: /snap/eclipse/101/plugins/org.eclipse.m2e.maven.runtime_3.9.900.20240824-1409/jars/plexus-component-annotations-2.1.0.jar
2024-11-22 16:31:32,782 [Worker-7: Launching mavenrun-dec672ba-4d26-465c-a7a5-c8fcd22759c4] INFO  o.eclipse.m2e.core.internal.Bundles - 	Entry: /snap/eclipse/101/plugins/org.eclipse.m2e.maven.runtime_3.9.900.20240824-1409/jars/plexus-interpolation-1.27.jar
2024-11-22 16:31:32,782 [Worker-7: Launching mavenrun-dec672ba-4d26-465c-a7a5-c8fcd22759c4] INFO  o.eclipse.m2e.core.internal.Bundles - 	Entry: /snap/eclipse/101/plugins/org.eclipse.m2e.maven.runtime_3.9.900.20240824-1409/jars/plexus-sec-dispatcher-2.0.jar
2024-11-22 16:31:32,782 [Worker-7: Launching mavenrun-dec672ba-4d26-465c-a7a5-c8fcd22759c4] INFO  o.eclipse.m2e.core.internal.Bundles - 	Entry: /snap/eclipse/101/plugins/org.eclipse.m2e.maven.runtime_3.9.900.20240824-1409/jars/plexus-utils-3.5.1.jar
2024-11-22 16:31:32,782 [Worker-7: Launching mavenrun-dec672ba-4d26-465c-a7a5-c8fcd22759c4] INFO  o.eclipse.m2e.core.internal.Bundles - 	Entry: /snap/eclipse/101/plugins/org.eclipse.m2e.maven.runtime_3.9.900.20240824-1409/jars/plexus-xml-3.0.1.jar
2024-11-22 16:31:32,782 [Worker-7: Launching mavenrun-dec672ba-4d26-465c-a7a5-c8fcd22759c4] INFO  o.eclipse.m2e.core.internal.Bundles - 	Entry: /snap/eclipse/101/plugins/org.eclipse.m2e.maven.runtime_3.9.900.20240824-1409/jars/wagon-file-3.5.3.jar
2024-11-22 16:31:32,782 [Worker-7: Launching mavenrun-dec672ba-4d26-465c-a7a5-c8fcd22759c4] INFO  o.eclipse.m2e.core.internal.Bundles - 	Entry: /snap/eclipse/101/plugins/org.eclipse.m2e.maven.runtime_3.9.900.20240824-1409/jars/wagon-http-3.5.3.jar
2024-11-22 16:31:32,782 [Worker-7: Launching mavenrun-dec672ba-4d26-465c-a7a5-c8fcd22759c4] INFO  o.eclipse.m2e.core.internal.Bundles - 	Entry: /snap/eclipse/101/plugins/org.eclipse.m2e.maven.runtime_3.9.900.20240824-1409/jars/wagon-http-shared-3.5.3.jar
2024-11-22 16:31:32,782 [Worker-7: Launching mavenrun-dec672ba-4d26-465c-a7a5-c8fcd22759c4] INFO  o.eclipse.m2e.core.internal.Bundles - 	Entry: /snap/eclipse/101/plugins/org.eclipse.m2e.maven.runtime_3.9.900.20240824-1409/jars/wagon-provider-api-3.5.3.jar
2024-11-22 16:31:32,785 [Worker-7: Launching mavenrun-dec672ba-4d26-465c-a7a5-c8fcd22759c4] INFO  o.eclipse.m2e.core.internal.Bundles - getClasspathEntries(Bundle=com.google.guava_33.3.0.jre [518])
2024-11-22 16:31:32,785 [Worker-7: Launching mavenrun-dec672ba-4d26-465c-a7a5-c8fcd22759c4] INFO  o.eclipse.m2e.core.internal.Bundles - 	Entry: /snap/eclipse/101/plugins/com.google.guava_33.3.0.jre.jar
2024-11-22 16:31:32,785 [Worker-7: Launching mavenrun-dec672ba-4d26-465c-a7a5-c8fcd22759c4] INFO  o.eclipse.m2e.core.internal.Bundles - getClasspathEntries(Bundle=slf4j.api_2.0.16 [773])
2024-11-22 16:31:32,785 [Worker-7: Launching mavenrun-dec672ba-4d26-465c-a7a5-c8fcd22759c4] INFO  o.eclipse.m2e.core.internal.Bundles - 	Entry: /snap/eclipse/101/plugins/slf4j.api_2.0.16.jar
2024-11-22 16:31:32,785 [Worker-7: Launching mavenrun-dec672ba-4d26-465c-a7a5-c8fcd22759c4] INFO  o.eclipse.m2e.core.internal.Bundles - getClasspathEntries(Bundle=jakarta.inject.jakarta.inject-api_1.0.5 [21])
2024-11-22 16:31:32,785 [Worker-7: Launching mavenrun-dec672ba-4d26-465c-a7a5-c8fcd22759c4] INFO  o.eclipse.m2e.core.internal.Bundles - 	Entry: /snap/eclipse/101/plugins/jakarta.inject.jakarta.inject-api_1.0.5.jar
2024-11-22 16:31:32,785 [Worker-7: Launching mavenrun-dec672ba-4d26-465c-a7a5-c8fcd22759c4] INFO  o.eclipse.m2e.core.internal.Bundles - getClasspathEntries(Bundle=jakarta.annotation-api_1.3.5 [519])
2024-11-22 16:31:32,785 [Worker-7: Launching mavenrun-dec672ba-4d26-465c-a7a5-c8fcd22759c4] INFO  o.eclipse.m2e.core.internal.Bundles - 	Entry: /snap/eclipse/101/plugins/jakarta.annotation-api_1.3.5.jar
2024-11-22 16:31:32,785 [Worker-7: Launching mavenrun-dec672ba-4d26-465c-a7a5-c8fcd22759c4] INFO  o.eclipse.m2e.core.internal.Bundles - getClasspathEntries(Bundle=org.apache.commons.cli_1.9.0 [533])
2024-11-22 16:31:32,785 [Worker-7: Launching mavenrun-dec672ba-4d26-465c-a7a5-c8fcd22759c4] INFO  o.eclipse.m2e.core.internal.Bundles - 	Entry: /snap/eclipse/101/plugins/org.apache.commons.cli_1.9.0.jar
2024-11-22 16:31:32,785 [Worker-7: Launching mavenrun-dec672ba-4d26-465c-a7a5-c8fcd22759c4] INFO  o.eclipse.m2e.core.internal.Bundles - getClasspathEntries(Bundle=org.apache.commons.commons-codec_1.16.0 [48])
2024-11-22 16:31:32,786 [Worker-7: Launching mavenrun-dec672ba-4d26-465c-a7a5-c8fcd22759c4] INFO  o.eclipse.m2e.core.internal.Bundles - 	Entry: /snap/eclipse/101/plugins/org.apache.commons.commons-codec_1.16.0.jar
2024-11-22 16:31:32,786 [Worker-7: Launching mavenrun-dec672ba-4d26-465c-a7a5-c8fcd22759c4] INFO  o.eclipse.m2e.core.internal.Bundles - getClasspathEntries(Bundle=com.google.guava.failureaccess_1.0.2 [11])
2024-11-22 16:31:32,786 [Worker-7: Launching mavenrun-dec672ba-4d26-465c-a7a5-c8fcd22759c4] INFO  o.eclipse.m2e.core.internal.Bundles - 	Entry: /snap/eclipse/101/plugins/com.google.guava.failureaccess_1.0.2.jar
2024-11-22 16:31:32,791 [Worker-7: Launching mavenrun-dec672ba-4d26-465c-a7a5-c8fcd22759c4] INFO  o.e.m.i.launch.MavenLaunchDelegate - Run build in "/tmp/m2e-archetypeGenerator15235513439606708374":
2024-11-22 16:31:32,795 [Worker-7: Launching mavenrun-dec672ba-4d26-465c-a7a5-c8fcd22759c4] INFO  o.e.m.i.launch.MavenLaunchDelegate -  mvn  -DarchetypeGroupId=com.dominikcebula.archetypes -DarchetypeArtifactId=java21-basic-archetype -DarchetypeVersion=1.0 -DgroupId=cl.felipetapia -DartifactId=colegio -Dversion=0.0.1-SNAPSHOT -Dpackage=cl.felipetapia.colegio -DoutputDirectory="/home/felipe/Escritorio/bootcam java/prueba_modulo4" -Dstyle.color=always -U archetype:generate
2024-11-22 16:32:15,345 [Worker-8: Creating java21-basic-archetype] INFO  o.e.m.c.i.p.ProjectConfigurationManager - Collecting project info '/pom.xml' /home/felipe/Escritorio/bootcam java/prueba_modulo4/colegio/pom.xml
2024-11-22 16:32:15,834 [Worker-8: Creating java21-basic-archetype] INFO  o.e.m.c.i.l.LifecycleMappingFactory - Using org.eclipse.m2e.jdt.JarLifecycleMapping lifecycle mapping for MavenProject: cl.felipetapia:colegio:0.0.1-SNAPSHOT @ /home/felipe/Escritorio/bootcam java/prueba_modulo4/colegio/pom.xml.
2024-11-22 16:32:16,446 [Worker-8: Creating java21-basic-archetype] INFO  o.e.m.j.i.AbstractJavaProjectConfigurator - Adding source folder /colegio/src/main/java
2024-11-22 16:32:16,447 [Worker-8: Creating java21-basic-archetype] INFO  o.e.m.j.i.AbstractJavaProjectConfigurator - Adding resource folder /colegio/src/main/resources
2024-11-22 16:32:16,449 [Worker-8: Creating java21-basic-archetype] INFO  o.e.m.j.i.AbstractJavaProjectConfigurator - Adding source folder /colegio/src/test/java
2024-11-22 16:32:16,450 [Worker-8: Creating java21-basic-archetype] INFO  o.e.m.j.i.AbstractJavaProjectConfigurator - Adding resource folder /colegio/src/test/resources
2024-11-22 16:32:16,961 [Worker-8: Creating java21-basic-archetype] INFO  o.e.m.c.i.p.ProjectConfigurationManager - Imported and configured 1 project(s) in 1 sec
2024-11-22 16:32:17,989 [Worker-8: Building] INFO  o.a.m.s.f.DefaultMavenResourcesFiltering - skip non existing resourceDirectory /home/felipe/Escritorio/bootcam java/prueba_modulo4/colegio/src/main/resources
2024-11-22 16:32:17,994 [Worker-8: Building] INFO  o.a.m.s.f.DefaultMavenResourcesFiltering - skip non existing resourceDirectory /home/felipe/Escritorio/bootcam java/prueba_modulo4/colegio/src/test/resources
2024-11-22 16:36:21,721 [Worker-8: Building] INFO  o.a.m.s.f.DefaultMavenResourcesFiltering - skip non existing resourceDirectory /home/felipe/Escritorio/bootcam java/prueba_modulo4/colegio/src/main/resources
2024-11-22 16:36:21,724 [Worker-8: Building] INFO  o.a.m.s.f.DefaultMavenResourcesFiltering - skip non existing resourceDirectory /home/felipe/Escritorio/bootcam java/prueba_modulo4/colegio/src/test/resources
2024-11-22 16:37:51,381 [Worker-24: Building] INFO  o.a.m.s.f.DefaultMavenResourcesFiltering - skip non existing resourceDirectory /home/felipe/Escritorio/bootcam java/prueba_modulo4/colegio/src/main/resources
2024-11-22 16:37:51,384 [Worker-24: Building] INFO  o.a.m.s.f.DefaultMavenResourcesFiltering - skip non existing resourceDirectory /home/felipe/Escritorio/bootcam java/prueba_modulo4/colegio/src/test/resources
2024-11-22 16:39:11,349 [Worker-8: Building] INFO  o.a.m.s.f.DefaultMavenResourcesFiltering - skip non existing resourceDirectory /home/felipe/Escritorio/bootcam java/prueba_modulo4/colegio/src/main/resources
2024-11-22 16:39:11,351 [Worker-8: Building] INFO  o.a.m.s.f.DefaultMavenResourcesFiltering - skip non existing resourceDirectory /home/felipe/Escritorio/bootcam java/prueba_modulo4/colegio/src/test/resources
2024-11-22 16:43:17,676 [Worker-8: Building] INFO  o.a.m.s.f.DefaultMavenResourcesFiltering - skip non existing resourceDirectory /home/felipe/Escritorio/bootcam java/prueba_modulo4/colegio/src/main/resources
2024-11-22 16:43:17,679 [Worker-8: Building] INFO  o.a.m.s.f.DefaultMavenResourcesFiltering - skip non existing resourceDirectory /home/felipe/Escritorio/bootcam java/prueba_modulo4/colegio/src/test/resources
2024-11-22 17:13:03,296 [Worker-29: Building] INFO  o.a.m.s.f.DefaultMavenResourcesFiltering - skip non existing resourceDirectory /home/felipe/Escritorio/bootcam java/prueba_modulo4/colegio/src/main/resources
2024-11-22 17:13:03,300 [Worker-29: Building] INFO  o.a.m.s.f.DefaultMavenResourcesFiltering - skip non existing resourceDirectory /home/felipe/Escritorio/bootcam java/prueba_modulo4/colegio/src/test/resources
2024-11-22 17:14:13,657 [Worker-8: Building] INFO  o.a.m.s.f.DefaultMavenResourcesFiltering - skip non existing resourceDirectory /home/felipe/Escritorio/bootcam java/prueba_modulo4/colegio/src/main/resources
2024-11-22 17:14:13,660 [Worker-8: Building] INFO  o.a.m.s.f.DefaultMavenResourcesFiltering - skip non existing resourceDirectory /home/felipe/Escritorio/bootcam java/prueba_modulo4/colegio/src/test/resources
2024-11-22 17:16:05,749 [Worker-8: Building] INFO  o.a.m.s.f.DefaultMavenResourcesFiltering - skip non existing resourceDirectory /home/felipe/Escritorio/bootcam java/prueba_modulo4/colegio/src/main/resources
2024-11-22 17:16:05,753 [Worker-8: Building] INFO  o.a.m.s.f.DefaultMavenResourcesFiltering - skip non existing resourceDirectory /home/felipe/Escritorio/bootcam java/prueba_modulo4/colegio/src/test/resources
2024-11-22 17:17:25,689 [Worker-27: Building] INFO  o.a.m.s.f.DefaultMavenResourcesFiltering - skip non existing resourceDirectory /home/felipe/Escritorio/bootcam java/prueba_modulo4/colegio/src/main/resources
2024-11-22 17:17:25,691 [Worker-27: Building] INFO  o.a.m.s.f.DefaultMavenResourcesFiltering - skip non existing resourceDirectory /home/felipe/Escritorio/bootcam java/prueba_modulo4/colegio/src/test/resources
2024-11-22 17:17:55,817 [Worker-26: Building] INFO  o.a.m.s.f.DefaultMavenResourcesFiltering - skip non existing resourceDirectory /home/felipe/Escritorio/bootcam java/prueba_modulo4/colegio/src/main/resources
2024-11-22 17:17:55,819 [Worker-26: Building] INFO  o.a.m.s.f.DefaultMavenResourcesFiltering - skip non existing resourceDirectory /home/felipe/Escritorio/bootcam java/prueba_modulo4/colegio/src/test/resources
2024-11-22 17:18:09,751 [Worker-8: Building] INFO  o.a.m.s.f.DefaultMavenResourcesFiltering - skip non existing resourceDirectory /home/felipe/Escritorio/bootcam java/prueba_modulo4/colegio/src/main/resources
2024-11-22 17:18:09,752 [Worker-8: Building] INFO  o.a.m.s.f.DefaultMavenResourcesFiltering - skip non existing resourceDirectory /home/felipe/Escritorio/bootcam java/prueba_modulo4/colegio/src/test/resources
2024-11-22 17:18:38,543 [Worker-29: Building] INFO  o.a.m.s.f.DefaultMavenResourcesFiltering - skip non existing resourceDirectory /home/felipe/Escritorio/bootcam java/prueba_modulo4/colegio/src/main/resources
2024-11-22 17:18:38,545 [Worker-29: Building] INFO  o.a.m.s.f.DefaultMavenResourcesFiltering - skip non existing resourceDirectory /home/felipe/Escritorio/bootcam java/prueba_modulo4/colegio/src/test/resources
2024-11-22 17:18:51,925 [Worker-27: Building] INFO  o.a.m.s.f.DefaultMavenResourcesFiltering - skip non existing resourceDirectory /home/felipe/Escritorio/bootcam java/prueba_modulo4/colegio/src/main/resources
2024-11-22 17:18:51,927 [Worker-27: Building] INFO  o.a.m.s.f.DefaultMavenResourcesFiltering - skip non existing resourceDirectory /home/felipe/Escritorio/bootcam java/prueba_modulo4/colegio/src/test/resources
2024-11-22 17:20:31,803 [Worker-26: Building] INFO  o.a.m.s.f.DefaultMavenResourcesFiltering - skip non existing resourceDirectory /home/felipe/Escritorio/bootcam java/prueba_modulo4/colegio/src/main/resources
2024-11-22 17:20:31,806 [Worker-26: Building] INFO  o.a.m.s.f.DefaultMavenResourcesFiltering - skip non existing resourceDirectory /home/felipe/Escritorio/bootcam java/prueba_modulo4/colegio/src/test/resources
2024-11-22 17:23:24,133 [Worker-8: Building] INFO  o.a.m.s.f.DefaultMavenResourcesFiltering - skip non existing resourceDirectory /home/felipe/Escritorio/bootcam java/prueba_modulo4/colegio/src/main/resources
2024-11-22 17:23:24,136 [Worker-8: Building] INFO  o.a.m.s.f.DefaultMavenResourcesFiltering - skip non existing resourceDirectory /home/felipe/Escritorio/bootcam java/prueba_modulo4/colegio/src/test/resources
2024-11-22 17:24:16,104 [Worker-8: Building] INFO  o.a.m.s.f.DefaultMavenResourcesFiltering - skip non existing resourceDirectory /home/felipe/Escritorio/bootcam java/prueba_modulo4/colegio/src/main/resources
2024-11-22 17:24:16,106 [Worker-8: Building] INFO  o.a.m.s.f.DefaultMavenResourcesFiltering - skip non existing resourceDirectory /home/felipe/Escritorio/bootcam java/prueba_modulo4/colegio/src/test/resources
2024-11-22 17:25:01,823 [Worker-27: Building] INFO  o.a.m.s.f.DefaultMavenResourcesFiltering - skip non existing resourceDirectory /home/felipe/Escritorio/bootcam java/prueba_modulo4/colegio/src/main/resources
2024-11-22 17:25:01,825 [Worker-27: Building] INFO  o.a.m.s.f.DefaultMavenResourcesFiltering - skip non existing resourceDirectory /home/felipe/Escritorio/bootcam java/prueba_modulo4/colegio/src/test/resources
2024-11-22 17:25:14,461 [Worker-26: Building] INFO  o.a.m.s.f.DefaultMavenResourcesFiltering - skip non existing resourceDirectory /home/felipe/Escritorio/bootcam java/prueba_modulo4/colegio/src/main/resources
2024-11-22 17:25:14,462 [Worker-26: Building] INFO  o.a.m.s.f.DefaultMavenResourcesFiltering - skip non existing resourceDirectory /home/felipe/Escritorio/bootcam java/prueba_modulo4/colegio/src/test/resources
2024-11-22 17:26:27,930 [Worker-30: Building] INFO  o.a.m.s.f.DefaultMavenResourcesFiltering - skip non existing resourceDirectory /home/felipe/Escritorio/bootcam java/prueba_modulo4/colegio/src/main/resources
2024-11-22 17:26:27,935 [Worker-30: Building] INFO  o.a.m.s.f.DefaultMavenResourcesFiltering - skip non existing resourceDirectory /home/felipe/Escritorio/bootcam java/prueba_modulo4/colegio/src/test/resources
2024-11-22 17:26:45,717 [Worker-27: Building] INFO  o.a.m.s.f.DefaultMavenResourcesFiltering - skip non existing resourceDirectory /home/felipe/Escritorio/bootcam java/prueba_modulo4/colegio/src/main/resources
2024-11-22 17:26:45,720 [Worker-27: Building] INFO  o.a.m.s.f.DefaultMavenResourcesFiltering - skip non existing resourceDirectory /home/felipe/Escritorio/bootcam java/prueba_modulo4/colegio/src/test/resources
2024-11-22 17:27:02,731 [Worker-26: Building] INFO  o.a.m.s.f.DefaultMavenResourcesFiltering - skip non existing resourceDirectory /home/felipe/Escritorio/bootcam java/prueba_modulo4/colegio/src/main/resources
2024-11-22 17:27:02,735 [Worker-26: Building] INFO  o.a.m.s.f.DefaultMavenResourcesFiltering - skip non existing resourceDirectory /home/felipe/Escritorio/bootcam java/prueba_modulo4/colegio/src/test/resources
2024-11-22 17:29:36,899 [Worker-29: Building] INFO  o.a.m.s.f.DefaultMavenResourcesFiltering - skip non existing resourceDirectory /home/felipe/Escritorio/bootcam java/prueba_modulo4/colegio/src/main/resources
2024-11-22 17:29:36,901 [Worker-29: Building] INFO  o.a.m.s.f.DefaultMavenResourcesFiltering - skip non existing resourceDirectory /home/felipe/Escritorio/bootcam java/prueba_modulo4/colegio/src/test/resources
2024-11-22 17:29:56,839 [Worker-29: Building] INFO  o.a.m.s.f.DefaultMavenResourcesFiltering - skip non existing resourceDirectory /home/felipe/Escritorio/bootcam java/prueba_modulo4/colegio/src/main/resources
2024-11-22 17:29:56,841 [Worker-29: Building] INFO  o.a.m.s.f.DefaultMavenResourcesFiltering - skip non existing resourceDirectory /home/felipe/Escritorio/bootcam java/prueba_modulo4/colegio/src/test/resources
2024-11-22 17:34:14,409 [Worker-26: Building] INFO  o.a.m.s.f.DefaultMavenResourcesFiltering - skip non existing resourceDirectory /home/felipe/Escritorio/bootcam java/prueba_modulo4/colegio/src/main/resources
2024-11-22 17:34:14,410 [Worker-26: Building] INFO  o.a.m.s.f.DefaultMavenResourcesFiltering - skip non existing resourceDirectory /home/felipe/Escritorio/bootcam java/prueba_modulo4/colegio/src/test/resources
2024-11-22 17:34:27,633 [Worker-26: Building] INFO  o.a.m.s.f.DefaultMavenResourcesFiltering - skip non existing resourceDirectory /home/felipe/Escritorio/bootcam java/prueba_modulo4/colegio/src/main/resources
2024-11-22 17:34:27,635 [Worker-26: Building] INFO  o.a.m.s.f.DefaultMavenResourcesFiltering - skip non existing resourceDirectory /home/felipe/Escritorio/bootcam java/prueba_modulo4/colegio/src/test/resources
2024-11-22 17:37:15,840 [Worker-29: Building] INFO  o.a.m.s.f.DefaultMavenResourcesFiltering - skip non existing resourceDirectory /home/felipe/Escritorio/bootcam java/prueba_modulo4/colegio/src/main/resources
2024-11-22 17:37:15,842 [Worker-29: Building] INFO  o.a.m.s.f.DefaultMavenResourcesFiltering - skip non existing resourceDirectory /home/felipe/Escritorio/bootcam java/prueba_modulo4/colegio/src/test/resources
2024-11-22 17:40:25,046 [Worker-8: Building] INFO  o.a.m.s.f.DefaultMavenResourcesFiltering - skip non existing resourceDirectory /home/felipe/Escritorio/bootcam java/prueba_modulo4/colegio/src/main/resources
2024-11-22 17:40:25,049 [Worker-8: Building] INFO  o.a.m.s.f.DefaultMavenResourcesFiltering - skip non existing resourceDirectory /home/felipe/Escritorio/bootcam java/prueba_modulo4/colegio/src/test/resources
2024-11-22 18:13:59,151 [Worker-31: Building] INFO  o.a.m.s.f.DefaultMavenResourcesFiltering - skip non existing resourceDirectory /home/felipe/Escritorio/bootcam java/prueba_modulo4/colegio/src/main/resources
2024-11-22 18:13:59,153 [Worker-31: Building] INFO  o.a.m.s.f.DefaultMavenResourcesFiltering - skip non existing resourceDirectory /home/felipe/Escritorio/bootcam java/prueba_modulo4/colegio/src/test/resources
2024-11-22 18:14:53,317 [Worker-30: Building] INFO  o.a.m.s.f.DefaultMavenResourcesFiltering - skip non existing resourceDirectory /home/felipe/Escritorio/bootcam java/prueba_modulo4/colegio/src/main/resources
2024-11-22 18:14:53,320 [Worker-30: Building] INFO  o.a.m.s.f.DefaultMavenResourcesFiltering - skip non existing resourceDirectory /home/felipe/Escritorio/bootcam java/prueba_modulo4/colegio/src/test/resources
2024-11-22 18:15:05,688 [main] INFO  o.e.m.jdt.internal.UnitTestSupport - Updating AlumnoServicioTest from maven configuration
2024-11-22 18:15:05,830 [main] INFO  o.e.m.c.i.e.AbstractTransferListenerAdapter - Downloading https://repo.maven.apache.org/maven2/org/apache/maven/surefire/maven-surefire-common/3.2.5/maven-surefire-common-3.2.5.pom
2024-11-22 18:15:05,844 [main] INFO  o.e.m.c.i.e.AbstractTransferListenerAdapter - Downloaded https://repo.maven.apache.org/maven2/org/apache/maven/surefire/maven-surefire-common/3.2.5/maven-surefire-common-3.2.5.pom
2024-11-22 18:15:05,858 [main] INFO  o.e.m.c.i.e.AbstractTransferListenerAdapter - Downloading https://repo.maven.apache.org/maven2/org/apache/maven/surefire/surefire-api/3.2.5/surefire-api-3.2.5.pom
2024-11-22 18:15:05,860 [main] INFO  o.e.m.c.i.e.AbstractTransferListenerAdapter - Downloaded https://repo.maven.apache.org/maven2/org/apache/maven/surefire/surefire-api/3.2.5/surefire-api-3.2.5.pom
2024-11-22 18:15:05,875 [main] INFO  o.e.m.c.i.e.AbstractTransferListenerAdapter - Downloading https://repo.maven.apache.org/maven2/org/apache/maven/surefire/surefire-logger-api/3.2.5/surefire-logger-api-3.2.5.pom
2024-11-22 18:15:05,876 [main] INFO  o.e.m.c.i.e.AbstractTransferListenerAdapter - Downloaded https://repo.maven.apache.org/maven2/org/apache/maven/surefire/surefire-logger-api/3.2.5/surefire-logger-api-3.2.5.pom
2024-11-22 18:15:05,890 [main] INFO  o.e.m.c.i.e.AbstractTransferListenerAdapter - Downloading https://repo.maven.apache.org/maven2/org/apache/maven/surefire/surefire-shared-utils/3.2.5/surefire-shared-utils-3.2.5.pom
2024-11-22 18:15:05,892 [main] INFO  o.e.m.c.i.e.AbstractTransferListenerAdapter - Downloaded https://repo.maven.apache.org/maven2/org/apache/maven/surefire/surefire-shared-utils/3.2.5/surefire-shared-utils-3.2.5.pom
2024-11-22 18:15:05,909 [main] INFO  o.e.m.c.i.e.AbstractTransferListenerAdapter - Downloading https://repo.maven.apache.org/maven2/org/apache/maven/surefire/surefire-extensions-api/3.2.5/surefire-extensions-api-3.2.5.pom
2024-11-22 18:15:05,911 [main] INFO  o.e.m.c.i.e.AbstractTransferListenerAdapter - Downloaded https://repo.maven.apache.org/maven2/org/apache/maven/surefire/surefire-extensions-api/3.2.5/surefire-extensions-api-3.2.5.pom
2024-11-22 18:15:05,926 [main] INFO  o.e.m.c.i.e.AbstractTransferListenerAdapter - Downloading https://repo.maven.apache.org/maven2/org/apache/maven/surefire/surefire-booter/3.2.5/surefire-booter-3.2.5.pom
2024-11-22 18:15:05,928 [main] INFO  o.e.m.c.i.e.AbstractTransferListenerAdapter - Downloaded https://repo.maven.apache.org/maven2/org/apache/maven/surefire/surefire-booter/3.2.5/surefire-booter-3.2.5.pom
2024-11-22 18:15:05,942 [main] INFO  o.e.m.c.i.e.AbstractTransferListenerAdapter - Downloading https://repo.maven.apache.org/maven2/org/apache/maven/surefire/surefire-extensions-spi/3.2.5/surefire-extensions-spi-3.2.5.pom
2024-11-22 18:15:05,943 [main] INFO  o.e.m.c.i.e.AbstractTransferListenerAdapter - Downloaded https://repo.maven.apache.org/maven2/org/apache/maven/surefire/surefire-extensions-spi/3.2.5/surefire-extensions-spi-3.2.5.pom
2024-11-22 18:15:05,958 [main] INFO  o.e.m.c.i.e.AbstractTransferListenerAdapter - Downloading https://repo.maven.apache.org/maven2/org/eclipse/aether/aether-util/1.0.0.v20140518/aether-util-1.0.0.v20140518.pom
2024-11-22 18:15:05,960 [main] INFO  o.e.m.c.i.e.AbstractTransferListenerAdapter - Downloaded https://repo.maven.apache.org/maven2/org/eclipse/aether/aether-util/1.0.0.v20140518/aether-util-1.0.0.v20140518.pom
2024-11-22 18:15:05,970 [main] INFO  o.e.m.c.i.e.AbstractTransferListenerAdapter - Downloading https://repo.maven.apache.org/maven2/org/eclipse/aether/aether/1.0.0.v20140518/aether-1.0.0.v20140518.pom
2024-11-22 18:15:05,973 [main] INFO  o.e.m.c.i.e.AbstractTransferListenerAdapter - Downloaded https://repo.maven.apache.org/maven2/org/eclipse/aether/aether/1.0.0.v20140518/aether-1.0.0.v20140518.pom
2024-11-22 18:15:05,987 [main] INFO  o.e.m.c.i.e.AbstractTransferListenerAdapter - Downloading https://repo.maven.apache.org/maven2/org/eclipse/aether/aether-api/1.0.0.v20140518/aether-api-1.0.0.v20140518.pom
2024-11-22 18:15:05,989 [main] INFO  o.e.m.c.i.e.AbstractTransferListenerAdapter - Downloaded https://repo.maven.apache.org/maven2/org/eclipse/aether/aether-api/1.0.0.v20140518/aether-api-1.0.0.v20140518.pom
2024-11-22 18:15:06,002 [main] INFO  o.e.m.c.i.e.AbstractTransferListenerAdapter - Downloading https://repo.maven.apache.org/maven2/org/apache/maven/shared/maven-common-artifact-filters/3.1.1/maven-common-artifact-filters-3.1.1.pom
2024-11-22 18:15:06,003 [main] INFO  o.e.m.c.i.e.AbstractTransferListenerAdapter - Downloaded https://repo.maven.apache.org/maven2/org/apache/maven/shared/maven-common-artifact-filters/3.1.1/maven-common-artifact-filters-3.1.1.pom
2024-11-22 18:15:06,013 [main] INFO  o.e.m.c.i.e.AbstractTransferListenerAdapter - Downloading https://repo.maven.apache.org/maven2/org/apache/maven/shared/maven-shared-components/34/maven-shared-components-34.pom
2024-11-22 18:15:06,014 [main] INFO  o.e.m.c.i.e.AbstractTransferListenerAdapter - Downloaded https://repo.maven.apache.org/maven2/org/apache/maven/shared/maven-shared-components/34/maven-shared-components-34.pom
2024-11-22 18:15:06,029 [main] INFO  o.e.m.c.i.e.AbstractTransferListenerAdapter - Downloading https://repo.maven.apache.org/maven2/org/apache/maven/maven-artifact/3.2.5/maven-artifact-3.2.5.pom
2024-11-22 18:15:06,030 [main] INFO  o.e.m.c.i.e.AbstractTransferListenerAdapter - Downloaded https://repo.maven.apache.org/maven2/org/apache/maven/maven-artifact/3.2.5/maven-artifact-3.2.5.pom
2024-11-22 18:15:06,043 [main] INFO  o.e.m.c.i.e.AbstractTransferListenerAdapter - Downloading https://repo.maven.apache.org/maven2/org/apache/maven/maven/3.2.5/maven-3.2.5.pom
2024-11-22 18:15:06,045 [main] INFO  o.e.m.c.i.e.AbstractTransferListenerAdapter - Downloaded https://repo.maven.apache.org/maven2/org/apache/maven/maven/3.2.5/maven-3.2.5.pom
2024-11-22 18:15:06,059 [main] INFO  o.e.m.c.i.e.AbstractTransferListenerAdapter - Downloading https://repo.maven.apache.org/maven2/org/apache/maven/maven-parent/25/maven-parent-25.pom
2024-11-22 18:15:06,061 [main] INFO  o.e.m.c.i.e.AbstractTransferListenerAdapter - Downloaded https://repo.maven.apache.org/maven2/org/apache/maven/maven-parent/25/maven-parent-25.pom
2024-11-22 18:15:06,070 [main] INFO  o.e.m.c.i.e.AbstractTransferListenerAdapter - Downloading https://repo.maven.apache.org/maven2/org/apache/apache/15/apache-15.pom
2024-11-22 18:15:06,071 [main] INFO  o.e.m.c.i.e.AbstractTransferListenerAdapter - Downloaded https://repo.maven.apache.org/maven2/org/apache/apache/15/apache-15.pom
2024-11-22 18:15:06,084 [main] INFO  o.e.m.c.i.e.AbstractTransferListenerAdapter - Downloading https://repo.maven.apache.org/maven2/org/apache/maven/maven-core/3.2.5/maven-core-3.2.5.pom
2024-11-22 18:15:06,086 [main] INFO  o.e.m.c.i.e.AbstractTransferListenerAdapter - Downloaded https://repo.maven.apache.org/maven2/org/apache/maven/maven-core/3.2.5/maven-core-3.2.5.pom
2024-11-22 18:15:06,099 [main] INFO  o.e.m.c.i.e.AbstractTransferListenerAdapter - Downloading https://repo.maven.apache.org/maven2/org/apache/maven/maven-settings/3.2.5/maven-settings-3.2.5.pom
2024-11-22 18:15:06,101 [main] INFO  o.e.m.c.i.e.AbstractTransferListenerAdapter - Downloaded https://repo.maven.apache.org/maven2/org/apache/maven/maven-settings/3.2.5/maven-settings-3.2.5.pom
2024-11-22 18:15:06,112 [main] INFO  o.e.m.c.i.e.AbstractTransferListenerAdapter - Downloading https://repo.maven.apache.org/maven2/org/apache/maven/maven-settings-builder/3.2.5/maven-settings-builder-3.2.5.pom
2024-11-22 18:15:06,114 [main] INFO  o.e.m.c.i.e.AbstractTransferListenerAdapter - Downloaded https://repo.maven.apache.org/maven2/org/apache/maven/maven-settings-builder/3.2.5/maven-settings-builder-3.2.5.pom
2024-11-22 18:15:06,125 [main] INFO  o.e.m.c.i.e.AbstractTransferListenerAdapter - Downloading https://repo.maven.apache.org/maven2/org/codehaus/plexus/plexus-interpolation/1.21/plexus-interpolation-1.21.pom
2024-11-22 18:15:06,126 [main] INFO  o.e.m.c.i.e.AbstractTransferListenerAdapter - Downloaded https://repo.maven.apache.org/maven2/org/codehaus/plexus/plexus-interpolation/1.21/plexus-interpolation-1.21.pom
2024-11-22 18:15:06,136 [main] INFO  o.e.m.c.i.e.AbstractTransferListenerAdapter - Downloading https://repo.maven.apache.org/maven2/org/codehaus/plexus/plexus-components/1.3.1/plexus-components-1.3.1.pom
2024-11-22 18:15:06,137 [main] INFO  o.e.m.c.i.e.AbstractTransferListenerAdapter - Downloaded https://repo.maven.apache.org/maven2/org/codehaus/plexus/plexus-components/1.3.1/plexus-components-1.3.1.pom
2024-11-22 18:15:06,146 [main] INFO  o.e.m.c.i.e.AbstractTransferListenerAdapter - Downloading https://repo.maven.apache.org/maven2/org/codehaus/plexus/plexus/3.3.1/plexus-3.3.1.pom
2024-11-22 18:15:06,147 [main] INFO  o.e.m.c.i.e.AbstractTransferListenerAdapter - Downloaded https://repo.maven.apache.org/maven2/org/codehaus/plexus/plexus/3.3.1/plexus-3.3.1.pom
2024-11-22 18:15:06,157 [main] INFO  o.e.m.c.i.e.AbstractTransferListenerAdapter - Downloading https://repo.maven.apache.org/maven2/org/sonatype/spice/spice-parent/17/spice-parent-17.pom
2024-11-22 18:15:06,158 [main] INFO  o.e.m.c.i.e.AbstractTransferListenerAdapter - Downloaded https://repo.maven.apache.org/maven2/org/sonatype/spice/spice-parent/17/spice-parent-17.pom
2024-11-22 18:15:06,167 [main] INFO  o.e.m.c.i.e.AbstractTransferListenerAdapter - Downloading https://repo.maven.apache.org/maven2/org/sonatype/forge/forge-parent/10/forge-parent-10.pom
2024-11-22 18:15:06,169 [main] INFO  o.e.m.c.i.e.AbstractTransferListenerAdapter - Downloaded https://repo.maven.apache.org/maven2/org/sonatype/forge/forge-parent/10/forge-parent-10.pom
2024-11-22 18:15:06,182 [main] INFO  o.e.m.c.i.e.AbstractTransferListenerAdapter - Downloading https://repo.maven.apache.org/maven2/org/codehaus/plexus/plexus-component-annotations/1.5.5/plexus-component-annotations-1.5.5.pom
2024-11-22 18:15:06,183 [main] INFO  o.e.m.c.i.e.AbstractTransferListenerAdapter - Downloaded https://repo.maven.apache.org/maven2/org/codehaus/plexus/plexus-component-annotations/1.5.5/plexus-component-annotations-1.5.5.pom
2024-11-22 18:15:06,192 [main] INFO  o.e.m.c.i.e.AbstractTransferListenerAdapter - Downloading https://repo.maven.apache.org/maven2/org/codehaus/plexus/plexus-containers/1.5.5/plexus-containers-1.5.5.pom
2024-11-22 18:15:06,193 [main] INFO  o.e.m.c.i.e.AbstractTransferListenerAdapter - Downloaded https://repo.maven.apache.org/maven2/org/codehaus/plexus/plexus-containers/1.5.5/plexus-containers-1.5.5.pom
2024-11-22 18:15:06,204 [main] INFO  o.e.m.c.i.e.AbstractTransferListenerAdapter - Downloading https://repo.maven.apache.org/maven2/org/codehaus/plexus/plexus/2.0.7/plexus-2.0.7.pom
2024-11-22 18:15:06,206 [main] INFO  o.e.m.c.i.e.AbstractTransferListenerAdapter - Downloaded https://repo.maven.apache.org/maven2/org/codehaus/plexus/plexus/2.0.7/plexus-2.0.7.pom
2024-11-22 18:15:06,219 [main] INFO  o.e.m.c.i.e.AbstractTransferListenerAdapter - Downloading https://repo.maven.apache.org/maven2/org/sonatype/plexus/plexus-sec-dispatcher/1.3/plexus-sec-dispatcher-1.3.pom
2024-11-22 18:15:06,219 [main] INFO  o.e.m.c.i.e.AbstractTransferListenerAdapter - Downloaded https://repo.maven.apache.org/maven2/org/sonatype/plexus/plexus-sec-dispatcher/1.3/plexus-sec-dispatcher-1.3.pom
2024-11-22 18:15:06,227 [main] INFO  o.e.m.c.i.e.AbstractTransferListenerAdapter - Downloading https://repo.maven.apache.org/maven2/org/sonatype/spice/spice-parent/12/spice-parent-12.pom
2024-11-22 18:15:06,228 [main] INFO  o.e.m.c.i.e.AbstractTransferListenerAdapter - Downloaded https://repo.maven.apache.org/maven2/org/sonatype/spice/spice-parent/12/spice-parent-12.pom
2024-11-22 18:15:06,235 [main] INFO  o.e.m.c.i.e.AbstractTransferListenerAdapter - Downloading https://repo.maven.apache.org/maven2/org/sonatype/forge/forge-parent/4/forge-parent-4.pom
2024-11-22 18:15:06,236 [main] INFO  o.e.m.c.i.e.AbstractTransferListenerAdapter - Downloaded https://repo.maven.apache.org/maven2/org/sonatype/forge/forge-parent/4/forge-parent-4.pom
2024-11-22 18:15:06,246 [main] INFO  o.e.m.c.i.e.AbstractTransferListenerAdapter - Downloading https://repo.maven.apache.org/maven2/org/sonatype/plexus/plexus-cipher/1.4/plexus-cipher-1.4.pom
2024-11-22 18:15:06,247 [main] INFO  o.e.m.c.i.e.AbstractTransferListenerAdapter - Downloaded https://repo.maven.apache.org/maven2/org/sonatype/plexus/plexus-cipher/1.4/plexus-cipher-1.4.pom
2024-11-22 18:15:06,255 [main] INFO  o.e.m.c.i.e.AbstractTransferListenerAdapter - Downloading https://repo.maven.apache.org/maven2/org/apache/maven/maven-repository-metadata/3.2.5/maven-repository-metadata-3.2.5.pom
2024-11-22 18:15:06,257 [main] INFO  o.e.m.c.i.e.AbstractTransferListenerAdapter - Downloaded https://repo.maven.apache.org/maven2/org/apache/maven/maven-repository-metadata/3.2.5/maven-repository-metadata-3.2.5.pom
2024-11-22 18:15:06,267 [main] INFO  o.e.m.c.i.e.AbstractTransferListenerAdapter - Downloading https://repo.maven.apache.org/maven2/org/apache/maven/maven-plugin-api/3.2.5/maven-plugin-api-3.2.5.pom
2024-11-22 18:15:06,268 [main] INFO  o.e.m.c.i.e.AbstractTransferListenerAdapter - Downloaded https://repo.maven.apache.org/maven2/org/apache/maven/maven-plugin-api/3.2.5/maven-plugin-api-3.2.5.pom
2024-11-22 18:15:06,280 [main] INFO  o.e.m.c.i.e.AbstractTransferListenerAdapter - Downloading https://repo.maven.apache.org/maven2/org/eclipse/sisu/org.eclipse.sisu.plexus/0.9.0.M2/org.eclipse.sisu.plexus-0.9.0.M2.pom
2024-11-22 18:15:06,281 [main] INFO  o.e.m.c.i.e.AbstractTransferListenerAdapter - Downloaded https://repo.maven.apache.org/maven2/org/eclipse/sisu/org.eclipse.sisu.plexus/0.9.0.M2/org.eclipse.sisu.plexus-0.9.0.M2.pom
2024-11-22 18:15:06,290 [main] INFO  o.e.m.c.i.e.AbstractTransferListenerAdapter - Downloading https://repo.maven.apache.org/maven2/org/eclipse/sisu/sisu-plexus/0.9.0.M2/sisu-plexus-0.9.0.M2.pom
2024-11-22 18:15:06,292 [main] INFO  o.e.m.c.i.e.AbstractTransferListenerAdapter - Downloaded https://repo.maven.apache.org/maven2/org/eclipse/sisu/sisu-plexus/0.9.0.M2/sisu-plexus-0.9.0.M2.pom
2024-11-22 18:15:06,302 [main] INFO  o.e.m.c.i.e.AbstractTransferListenerAdapter - Downloading https://repo.maven.apache.org/maven2/javax/annotation/javax.annotation-api/1.2/javax.annotation-api-1.2.pom
2024-11-22 18:15:06,303 [main] INFO  o.e.m.c.i.e.AbstractTransferListenerAdapter - Downloaded https://repo.maven.apache.org/maven2/javax/annotation/javax.annotation-api/1.2/javax.annotation-api-1.2.pom
2024-11-22 18:15:06,312 [main] INFO  o.e.m.c.i.e.AbstractTransferListenerAdapter - Downloading https://repo.maven.apache.org/maven2/net/java/jvnet-parent/3/jvnet-parent-3.pom
2024-11-22 18:15:06,312 [main] INFO  o.e.m.c.i.e.AbstractTransferListenerAdapter - Downloaded https://repo.maven.apache.org/maven2/net/java/jvnet-parent/3/jvnet-parent-3.pom
2024-11-22 18:15:06,322 [main] INFO  o.e.m.c.i.e.AbstractTransferListenerAdapter - Downloading https://repo.maven.apache.org/maven2/javax/enterprise/cdi-api/1.2/cdi-api-1.2.pom
2024-11-22 18:15:06,323 [main] INFO  o.e.m.c.i.e.AbstractTransferListenerAdapter - Downloaded https://repo.maven.apache.org/maven2/javax/enterprise/cdi-api/1.2/cdi-api-1.2.pom
2024-11-22 18:15:06,334 [main] INFO  o.e.m.c.i.e.AbstractTransferListenerAdapter - Downloading https://repo.maven.apache.org/maven2/org/jboss/weld/weld-parent/26/weld-parent-26.pom
2024-11-22 18:15:06,335 [main] INFO  o.e.m.c.i.e.AbstractTransferListenerAdapter - Downloaded https://repo.maven.apache.org/maven2/org/jboss/weld/weld-parent/26/weld-parent-26.pom
2024-11-22 18:15:06,349 [main] INFO  o.e.m.c.i.e.AbstractTransferListenerAdapter - Downloading https://repo.maven.apache.org/maven2/org/eclipse/sisu/org.eclipse.sisu.inject/0.9.0.M2/org.eclipse.sisu.inject-0.9.0.M2.pom
2024-11-22 18:15:06,350 [main] INFO  o.e.m.c.i.e.AbstractTransferListenerAdapter - Downloaded https://repo.maven.apache.org/maven2/org/eclipse/sisu/org.eclipse.sisu.inject/0.9.0.M2/org.eclipse.sisu.inject-0.9.0.M2.pom
2024-11-22 18:15:06,360 [main] INFO  o.e.m.c.i.e.AbstractTransferListenerAdapter - Downloading https://repo.maven.apache.org/maven2/org/eclipse/sisu/sisu-inject/0.9.0.M2/sisu-inject-0.9.0.M2.pom
2024-11-22 18:15:06,362 [main] INFO  o.e.m.c.i.e.AbstractTransferListenerAdapter - Downloaded https://repo.maven.apache.org/maven2/org/eclipse/sisu/sisu-inject/0.9.0.M2/sisu-inject-0.9.0.M2.pom
2024-11-22 18:15:06,376 [main] INFO  o.e.m.c.i.e.AbstractTransferListenerAdapter - Downloading https://repo.maven.apache.org/maven2/org/codehaus/plexus/plexus-component-annotations/2.1.0/plexus-component-annotations-2.1.0.pom
2024-11-22 18:15:06,377 [main] INFO  o.e.m.c.i.e.AbstractTransferListenerAdapter - Downloaded https://repo.maven.apache.org/maven2/org/codehaus/plexus/plexus-component-annotations/2.1.0/plexus-component-annotations-2.1.0.pom
2024-11-22 18:15:06,386 [main] INFO  o.e.m.c.i.e.AbstractTransferListenerAdapter - Downloading https://repo.maven.apache.org/maven2/org/codehaus/plexus/plexus-containers/2.1.0/plexus-containers-2.1.0.pom
2024-11-22 18:15:06,387 [main] INFO  o.e.m.c.i.e.AbstractTransferListenerAdapter - Downloaded https://repo.maven.apache.org/maven2/org/codehaus/plexus/plexus-containers/2.1.0/plexus-containers-2.1.0.pom
2024-11-22 18:15:06,397 [main] INFO  o.e.m.c.i.e.AbstractTransferListenerAdapter - Downloading https://repo.maven.apache.org/maven2/org/codehaus/plexus/plexus-classworlds/2.6.0/plexus-classworlds-2.6.0.pom
2024-11-22 18:15:06,399 [main] INFO  o.e.m.c.i.e.AbstractTransferListenerAdapter - Downloaded https://repo.maven.apache.org/maven2/org/codehaus/plexus/plexus-classworlds/2.6.0/plexus-classworlds-2.6.0.pom
2024-11-22 18:15:06,409 [main] INFO  o.e.m.c.i.e.AbstractTransferListenerAdapter - Downloading https://repo.maven.apache.org/maven2/org/apache/maven/maven-model-builder/3.2.5/maven-model-builder-3.2.5.pom
2024-11-22 18:15:06,409 [main] INFO  o.e.m.c.i.e.AbstractTransferListenerAdapter - Downloaded https://repo.maven.apache.org/maven2/org/apache/maven/maven-model-builder/3.2.5/maven-model-builder-3.2.5.pom
2024-11-22 18:15:06,418 [main] INFO  o.e.m.c.i.e.AbstractTransferListenerAdapter - Downloading https://repo.maven.apache.org/maven2/org/apache/maven/maven-aether-provider/3.2.5/maven-aether-provider-3.2.5.pom
2024-11-22 18:15:06,419 [main] INFO  o.e.m.c.i.e.AbstractTransferListenerAdapter - Downloaded https://repo.maven.apache.org/maven2/org/apache/maven/maven-aether-provider/3.2.5/maven-aether-provider-3.2.5.pom
2024-11-22 18:15:06,428 [main] INFO  o.e.m.c.i.e.AbstractTransferListenerAdapter - Downloading https://repo.maven.apache.org/maven2/org/eclipse/aether/aether-spi/1.0.0.v20140518/aether-spi-1.0.0.v20140518.pom
2024-11-22 18:15:06,429 [main] INFO  o.e.m.c.i.e.AbstractTransferListenerAdapter - Downloaded https://repo.maven.apache.org/maven2/org/eclipse/aether/aether-spi/1.0.0.v20140518/aether-spi-1.0.0.v20140518.pom
2024-11-22 18:15:06,438 [main] INFO  o.e.m.c.i.e.AbstractTransferListenerAdapter - Downloading https://repo.maven.apache.org/maven2/org/eclipse/aether/aether-impl/1.0.0.v20140518/aether-impl-1.0.0.v20140518.pom
2024-11-22 18:15:06,440 [main] INFO  o.e.m.c.i.e.AbstractTransferListenerAdapter - Downloaded https://repo.maven.apache.org/maven2/org/eclipse/aether/aether-impl/1.0.0.v20140518/aether-impl-1.0.0.v20140518.pom
2024-11-22 18:15:06,451 [main] INFO  o.e.m.c.i.e.AbstractTransferListenerAdapter - Downloading https://repo.maven.apache.org/maven2/org/sonatype/sisu/sisu-guice/3.2.3/sisu-guice-3.2.3.pom
2024-11-22 18:15:06,452 [main] INFO  o.e.m.c.i.e.AbstractTransferListenerAdapter - Downloaded https://repo.maven.apache.org/maven2/org/sonatype/sisu/sisu-guice/3.2.3/sisu-guice-3.2.3.pom
2024-11-22 18:15:06,461 [main] INFO  o.e.m.c.i.e.AbstractTransferListenerAdapter - Downloading https://repo.maven.apache.org/maven2/org/sonatype/sisu/inject/guice-parent/3.2.3/guice-parent-3.2.3.pom
2024-11-22 18:15:06,462 [main] INFO  o.e.m.c.i.e.AbstractTransferListenerAdapter - Downloaded https://repo.maven.apache.org/maven2/org/sonatype/sisu/inject/guice-parent/3.2.3/guice-parent-3.2.3.pom
2024-11-22 18:15:06,470 [main] INFO  o.e.m.c.i.e.AbstractTransferListenerAdapter - Downloading https://repo.maven.apache.org/maven2/org/sonatype/forge/forge-parent/38/forge-parent-38.pom
2024-11-22 18:15:06,471 [main] INFO  o.e.m.c.i.e.AbstractTransferListenerAdapter - Downloaded https://repo.maven.apache.org/maven2/org/sonatype/forge/forge-parent/38/forge-parent-38.pom
2024-11-22 18:15:06,480 [main] INFO  o.e.m.c.i.e.AbstractTransferListenerAdapter - Downloading https://repo.maven.apache.org/maven2/aopalliance/aopalliance/1.0/aopalliance-1.0.pom
2024-11-22 18:15:06,481 [main] INFO  o.e.m.c.i.e.AbstractTransferListenerAdapter - Downloaded https://repo.maven.apache.org/maven2/aopalliance/aopalliance/1.0/aopalliance-1.0.pom
2024-11-22 18:15:06,489 [main] INFO  o.e.m.c.i.e.AbstractTransferListenerAdapter - Downloading https://repo.maven.apache.org/maven2/com/google/guava/guava/16.0.1/guava-16.0.1.pom
2024-11-22 18:15:06,490 [main] INFO  o.e.m.c.i.e.AbstractTransferListenerAdapter - Downloaded https://repo.maven.apache.org/maven2/com/google/guava/guava/16.0.1/guava-16.0.1.pom
2024-11-22 18:15:06,497 [main] INFO  o.e.m.c.i.e.AbstractTransferListenerAdapter - Downloading https://repo.maven.apache.org/maven2/com/google/guava/guava-parent/16.0.1/guava-parent-16.0.1.pom
2024-11-22 18:15:06,498 [main] INFO  o.e.m.c.i.e.AbstractTransferListenerAdapter - Downloaded https://repo.maven.apache.org/maven2/com/google/guava/guava-parent/16.0.1/guava-parent-16.0.1.pom
2024-11-22 18:15:06,505 [main] INFO  o.e.m.c.i.e.AbstractTransferListenerAdapter - Downloading https://repo.maven.apache.org/maven2/org/sonatype/oss/oss-parent/7/oss-parent-7.pom
2024-11-22 18:15:06,505 [main] INFO  o.e.m.c.i.e.AbstractTransferListenerAdapter - Downloaded https://repo.maven.apache.org/maven2/org/sonatype/oss/oss-parent/7/oss-parent-7.pom
2024-11-22 18:15:06,513 [main] INFO  o.e.m.c.i.e.AbstractTransferListenerAdapter - Downloading https://repo.maven.apache.org/maven2/org/codehaus/plexus/plexus-classworlds/2.5.2/plexus-classworlds-2.5.2.pom
2024-11-22 18:15:06,515 [main] INFO  o.e.m.c.i.e.AbstractTransferListenerAdapter - Downloaded https://repo.maven.apache.org/maven2/org/codehaus/plexus/plexus-classworlds/2.5.2/plexus-classworlds-2.5.2.pom
2024-11-22 18:15:06,551 [main] INFO  o.e.m.c.i.e.AbstractTransferListenerAdapter - Downloading https://repo.maven.apache.org/maven2/commons-io/commons-io/2.15.1/commons-io-2.15.1.pom
2024-11-22 18:15:06,552 [main] INFO  o.e.m.c.i.e.AbstractTransferListenerAdapter - Downloaded https://repo.maven.apache.org/maven2/commons-io/commons-io/2.15.1/commons-io-2.15.1.pom
2024-11-22 18:15:06,561 [main] INFO  o.e.m.c.i.e.AbstractTransferListenerAdapter - Downloading https://repo.maven.apache.org/maven2/org/apache/commons/commons-parent/65/commons-parent-65.pom
2024-11-22 18:15:06,563 [main] INFO  o.e.m.c.i.e.AbstractTransferListenerAdapter - Downloaded https://repo.maven.apache.org/maven2/org/apache/commons/commons-parent/65/commons-parent-65.pom
2024-11-22 18:15:06,594 [main] INFO  o.e.m.c.i.e.AbstractTransferListenerAdapter - Downloading https://repo.maven.apache.org/maven2/org/apache/maven/surefire/maven-surefire-common/3.2.5/maven-surefire-common-3.2.5.jar
2024-11-22 18:15:06,603 [main] INFO  o.e.m.c.i.e.AbstractTransferListenerAdapter - Downloaded https://repo.maven.apache.org/maven2/org/apache/maven/surefire/maven-surefire-common/3.2.5/maven-surefire-common-3.2.5.jar
2024-11-22 18:15:06,612 [BasicRepositoryConnector-repo.maven.apache.org-0-0] INFO  o.e.m.c.i.e.AbstractTransferListenerAdapter - Downloading https://repo.maven.apache.org/maven2/org/apache/maven/surefire/surefire-api/3.2.5/surefire-api-3.2.5.jar
2024-11-22 18:15:06,617 [BasicRepositoryConnector-repo.maven.apache.org-0-0] INFO  o.e.m.c.i.e.AbstractTransferListenerAdapter - Downloaded https://repo.maven.apache.org/maven2/org/apache/maven/surefire/surefire-api/3.2.5/surefire-api-3.2.5.jar
2024-11-22 18:15:06,624 [BasicRepositoryConnector-repo.maven.apache.org-0-0] INFO  o.e.m.c.i.e.AbstractTransferListenerAdapter - Downloading https://repo.maven.apache.org/maven2/org/eclipse/aether/aether-util/1.0.0.v20140518/aether-util-1.0.0.v20140518.jar
2024-11-22 18:15:06,629 [BasicRepositoryConnector-repo.maven.apache.org-0-2] INFO  o.e.m.c.i.e.AbstractTransferListenerAdapter - Downloading https://repo.maven.apache.org/maven2/org/apache/maven/surefire/surefire-extensions-api/3.2.5/surefire-extensions-api-3.2.5.jar
2024-11-22 18:15:06,629 [BasicRepositoryConnector-repo.maven.apache.org-0-3] INFO  o.e.m.c.i.e.AbstractTransferListenerAdapter - Downloading https://repo.maven.apache.org/maven2/org/apache/maven/surefire/surefire-booter/3.2.5/surefire-booter-3.2.5.jar
2024-11-22 18:15:06,629 [BasicRepositoryConnector-repo.maven.apache.org-0-1] INFO  o.e.m.c.i.e.AbstractTransferListenerAdapter - Downloading https://repo.maven.apache.org/maven2/org/apache/maven/surefire/surefire-logger-api/3.2.5/surefire-logger-api-3.2.5.jar
2024-11-22 18:15:06,630 [BasicRepositoryConnector-repo.maven.apache.org-0-0] INFO  o.e.m.c.i.e.AbstractTransferListenerAdapter - Downloaded https://repo.maven.apache.org/maven2/org/eclipse/aether/aether-util/1.0.0.v20140518/aether-util-1.0.0.v20140518.jar
2024-11-22 18:15:06,631 [BasicRepositoryConnector-repo.maven.apache.org-0-1] INFO  o.e.m.c.i.e.AbstractTransferListenerAdapter - Downloaded https://repo.maven.apache.org/maven2/org/apache/maven/surefire/surefire-logger-api/3.2.5/surefire-logger-api-3.2.5.jar
2024-11-22 18:15:06,631 [BasicRepositoryConnector-repo.maven.apache.org-0-2] INFO  o.e.m.c.i.e.AbstractTransferListenerAdapter - Downloaded https://repo.maven.apache.org/maven2/org/apache/maven/surefire/surefire-extensions-api/3.2.5/surefire-extensions-api-3.2.5.jar
2024-11-22 18:15:06,633 [BasicRepositoryConnector-repo.maven.apache.org-0-4] INFO  o.e.m.c.i.e.AbstractTransferListenerAdapter - Downloading https://repo.maven.apache.org/maven2/org/apache/maven/surefire/surefire-extensions-spi/3.2.5/surefire-extensions-spi-3.2.5.jar
2024-11-22 18:15:06,634 [BasicRepositoryConnector-repo.maven.apache.org-0-4] INFO  o.e.m.c.i.e.AbstractTransferListenerAdapter - Downloaded https://repo.maven.apache.org/maven2/org/apache/maven/surefire/surefire-extensions-spi/3.2.5/surefire-extensions-spi-3.2.5.jar
2024-11-22 18:15:06,637 [BasicRepositoryConnector-repo.maven.apache.org-0-0] INFO  o.e.m.c.i.e.AbstractTransferListenerAdapter - Downloading https://repo.maven.apache.org/maven2/org/eclipse/aether/aether-api/1.0.0.v20140518/aether-api-1.0.0.v20140518.jar
2024-11-22 18:15:06,639 [BasicRepositoryConnector-repo.maven.apache.org-0-1] INFO  o.e.m.c.i.e.AbstractTransferListenerAdapter - Downloading https://repo.maven.apache.org/maven2/org/apache/maven/shared/maven-common-artifact-filters/3.1.1/maven-common-artifact-filters-3.1.1.jar
2024-11-22 18:15:06,641 [BasicRepositoryConnector-repo.maven.apache.org-0-2] INFO  o.e.m.c.i.e.AbstractTransferListenerAdapter - Downloading https://repo.maven.apache.org/maven2/commons-io/commons-io/2.15.1/commons-io-2.15.1.jar
2024-11-22 18:15:06,642 [BasicRepositoryConnector-repo.maven.apache.org-0-1] INFO  o.e.m.c.i.e.AbstractTransferListenerAdapter - Downloaded https://repo.maven.apache.org/maven2/org/apache/maven/shared/maven-common-artifact-filters/3.1.1/maven-common-artifact-filters-3.1.1.jar
2024-11-22 18:15:06,644 [BasicRepositoryConnector-repo.maven.apache.org-0-3] INFO  o.e.m.c.i.e.AbstractTransferListenerAdapter - Downloaded https://repo.maven.apache.org/maven2/org/apache/maven/surefire/surefire-booter/3.2.5/surefire-booter-3.2.5.jar
2024-11-22 18:15:06,645 [BasicRepositoryConnector-repo.maven.apache.org-0-4] INFO  o.e.m.c.i.e.AbstractTransferListenerAdapter - Downloading https://repo.maven.apache.org/maven2/org/apache/maven/surefire/surefire-shared-utils/3.2.5/surefire-shared-utils-3.2.5.jar
2024-11-22 18:15:06,654 [BasicRepositoryConnector-repo.maven.apache.org-0-0] INFO  o.e.m.c.i.e.AbstractTransferListenerAdapter - Downloaded https://repo.maven.apache.org/maven2/org/eclipse/aether/aether-api/1.0.0.v20140518/aether-api-1.0.0.v20140518.jar
2024-11-22 18:15:06,673 [BasicRepositoryConnector-repo.maven.apache.org-0-2] INFO  o.e.m.c.i.e.AbstractTransferListenerAdapter - Downloaded https://repo.maven.apache.org/maven2/commons-io/commons-io/2.15.1/commons-io-2.15.1.jar
2024-11-22 18:15:06,737 [BasicRepositoryConnector-repo.maven.apache.org-0-4] INFO  o.e.m.c.i.e.AbstractTransferListenerAdapter - Downloaded https://repo.maven.apache.org/maven2/org/apache/maven/surefire/surefire-shared-utils/3.2.5/surefire-shared-utils-3.2.5.jar
2024-11-22 18:15:07,063 [Worker-31: Launching AlumnoServicioTest] INFO  o.e.m.c.i.e.AbstractTransferListenerAdapter - Downloading https://repo.maven.apache.org/maven2/org/junit/platform/junit-platform-launcher/1.10.2/junit-platform-launcher-1.10.2.jar
2024-11-22 18:15:07,077 [Worker-31: Launching AlumnoServicioTest] INFO  o.e.m.c.i.e.AbstractTransferListenerAdapter - Downloaded https://repo.maven.apache.org/maven2/org/junit/platform/junit-platform-launcher/1.10.2/junit-platform-launcher-1.10.2.jar
2024-11-22 18:18:13,400 [Worker-31: Building] INFO  o.e.m.c.i.l.LifecycleMappingFactory - Using org.eclipse.m2e.jdt.JarLifecycleMapping lifecycle mapping for MavenProject: cl.felipetapia:colegio:0.0.1-SNAPSHOT @ /home/felipe/Escritorio/bootcam java/prueba_modulo4/colegio/pom.xml.
2024-11-22 18:18:13,444 [Worker-31: Building] INFO  o.e.m.c.i.e.AbstractTransferListenerAdapter - Downloading https://repo.maven.apache.org/maven2/org/mockito/mockito-core/5.5.0/mockito-core-5.5.0.pom
2024-11-22 18:18:13,445 [Worker-31: Building] INFO  o.e.m.c.i.e.AbstractTransferListenerAdapter - Downloaded https://repo.maven.apache.org/maven2/org/mockito/mockito-core/5.5.0/mockito-core-5.5.0.pom
2024-11-22 18:18:13,455 [Worker-31: Building] INFO  o.e.m.c.i.e.AbstractTransferListenerAdapter - Downloading https://repo.maven.apache.org/maven2/net/bytebuddy/byte-buddy/1.14.6/byte-buddy-1.14.6.pom
2024-11-22 18:18:13,457 [Worker-31: Building] INFO  o.e.m.c.i.e.AbstractTransferListenerAdapter - Downloaded https://repo.maven.apache.org/maven2/net/bytebuddy/byte-buddy/1.14.6/byte-buddy-1.14.6.pom
2024-11-22 18:18:13,466 [Worker-31: Building] INFO  o.e.m.c.i.e.AbstractTransferListenerAdapter - Downloading https://repo.maven.apache.org/maven2/net/bytebuddy/byte-buddy-parent/1.14.6/byte-buddy-parent-1.14.6.pom
2024-11-22 18:18:13,477 [Worker-31: Building] INFO  o.e.m.c.i.e.AbstractTransferListenerAdapter - Downloaded https://repo.maven.apache.org/maven2/net/bytebuddy/byte-buddy-parent/1.14.6/byte-buddy-parent-1.14.6.pom
2024-11-22 18:18:13,489 [Worker-31: Building] INFO  o.e.m.c.i.e.AbstractTransferListenerAdapter - Downloading https://repo.maven.apache.org/maven2/net/bytebuddy/byte-buddy-agent/1.14.6/byte-buddy-agent-1.14.6.pom
2024-11-22 18:18:13,492 [Worker-31: Building] INFO  o.e.m.c.i.e.AbstractTransferListenerAdapter - Downloaded https://repo.maven.apache.org/maven2/net/bytebuddy/byte-buddy-agent/1.14.6/byte-buddy-agent-1.14.6.pom
2024-11-22 18:18:13,504 [Worker-31: Building] INFO  o.e.m.c.i.e.AbstractTransferListenerAdapter - Downloading https://repo.maven.apache.org/maven2/org/objenesis/objenesis/3.3/objenesis-3.3.pom
2024-11-22 18:18:13,505 [Worker-31: Building] INFO  o.e.m.c.i.e.AbstractTransferListenerAdapter - Downloaded https://repo.maven.apache.org/maven2/org/objenesis/objenesis/3.3/objenesis-3.3.pom
2024-11-22 18:18:13,513 [Worker-31: Building] INFO  o.e.m.c.i.e.AbstractTransferListenerAdapter - Downloading https://repo.maven.apache.org/maven2/org/objenesis/objenesis-parent/3.3/objenesis-parent-3.3.pom
2024-11-22 18:18:13,513 [Worker-31: Building] INFO  o.e.m.c.i.e.AbstractTransferListenerAdapter - Downloaded https://repo.maven.apache.org/maven2/org/objenesis/objenesis-parent/3.3/objenesis-parent-3.3.pom
2024-11-22 18:18:13,526 [Worker-31: Building] INFO  o.e.m.c.i.e.AbstractTransferListenerAdapter - Downloading https://repo.maven.apache.org/maven2/org/mockito/mockito-core/5.5.0/mockito-core-5.5.0.jar
2024-11-22 18:18:13,552 [Worker-31: Building] INFO  o.e.m.c.i.e.AbstractTransferListenerAdapter - Downloaded https://repo.maven.apache.org/maven2/org/mockito/mockito-core/5.5.0/mockito-core-5.5.0.jar
2024-11-22 18:18:13,560 [BasicRepositoryConnector-repo.maven.apache.org-1-1] INFO  o.e.m.c.i.e.AbstractTransferListenerAdapter - Downloading https://repo.maven.apache.org/maven2/net/bytebuddy/byte-buddy-agent/1.14.6/byte-buddy-agent-1.14.6.jar
2024-11-22 18:18:13,569 [BasicRepositoryConnector-repo.maven.apache.org-1-1] INFO  o.e.m.c.i.e.AbstractTransferListenerAdapter - Downloaded https://repo.maven.apache.org/maven2/net/bytebuddy/byte-buddy-agent/1.14.6/byte-buddy-agent-1.14.6.jar
2024-11-22 18:18:13,576 [BasicRepositoryConnector-repo.maven.apache.org-1-2] INFO  o.e.m.c.i.e.AbstractTransferListenerAdapter - Downloading https://repo.maven.apache.org/maven2/org/objenesis/objenesis/3.3/objenesis-3.3.jar
2024-11-22 18:18:13,580 [BasicRepositoryConnector-repo.maven.apache.org-1-0] INFO  o.e.m.c.i.e.AbstractTransferListenerAdapter - Downloading https://repo.maven.apache.org/maven2/net/bytebuddy/byte-buddy/1.14.6/byte-buddy-1.14.6.jar
2024-11-22 18:18:13,583 [BasicRepositoryConnector-repo.maven.apache.org-1-2] INFO  o.e.m.c.i.e.AbstractTransferListenerAdapter - Downloaded https://repo.maven.apache.org/maven2/org/objenesis/objenesis/3.3/objenesis-3.3.jar
2024-11-22 18:18:13,779 [BasicRepositoryConnector-repo.maven.apache.org-1-0] INFO  o.e.m.c.i.e.AbstractTransferListenerAdapter - Downloaded https://repo.maven.apache.org/maven2/net/bytebuddy/byte-buddy/1.14.6/byte-buddy-1.14.6.jar
2024-11-22 18:18:13,900 [Worker-31: Building] INFO  o.a.m.s.f.DefaultMavenResourcesFiltering - skip non existing resourceDirectory /home/felipe/Escritorio/bootcam java/prueba_modulo4/colegio/src/main/resources
2024-11-22 18:18:13,904 [Worker-31: Building] INFO  o.a.m.s.f.DefaultMavenResourcesFiltering - skip non existing resourceDirectory /home/felipe/Escritorio/bootcam java/prueba_modulo4/colegio/src/test/resources
2024-11-22 18:18:14,902 [Worker-33: Download sources and javadoc] INFO  o.e.m.c.i.e.AbstractTransferListenerAdapter - Downloading https://repo.maven.apache.org/maven2/org/mockito/mockito-core/5.5.0/mockito-core-5.5.0-sources.jar
2024-11-22 18:18:15,000 [Worker-33: Download sources and javadoc] INFO  o.e.m.c.i.e.AbstractTransferListenerAdapter - Downloaded https://repo.maven.apache.org/maven2/org/mockito/mockito-core/5.5.0/mockito-core-5.5.0-sources.jar
2024-11-22 18:18:15,006 [Worker-33: Download sources and javadoc] INFO  o.e.m.j.internal.DownloadSourcesJob - Downloaded sources for org.mockito:mockito-core:5.5.0
2024-11-22 18:18:15,076 [Worker-33: Download sources and javadoc] INFO  o.e.m.c.i.e.AbstractTransferListenerAdapter - Downloading https://repo.maven.apache.org/maven2/net/bytebuddy/byte-buddy/1.14.6/byte-buddy-1.14.6-sources.jar
2024-11-22 18:18:15,145 [Worker-33: Download sources and javadoc] INFO  o.e.m.c.i.e.AbstractTransferListenerAdapter - Downloaded https://repo.maven.apache.org/maven2/net/bytebuddy/byte-buddy/1.14.6/byte-buddy-1.14.6-sources.jar
2024-11-22 18:18:15,147 [Worker-33: Download sources and javadoc] INFO  o.e.m.j.internal.DownloadSourcesJob - Downloaded sources for net.bytebuddy:byte-buddy:1.14.6
2024-11-22 18:18:15,170 [Worker-33: Download sources and javadoc] INFO  o.e.m.c.i.e.AbstractTransferListenerAdapter - Downloading https://repo.maven.apache.org/maven2/net/bytebuddy/byte-buddy-agent/1.14.6/byte-buddy-agent-1.14.6-sources.jar
2024-11-22 18:18:15,188 [Worker-33: Download sources and javadoc] INFO  o.e.m.c.i.e.AbstractTransferListenerAdapter - Downloaded https://repo.maven.apache.org/maven2/net/bytebuddy/byte-buddy-agent/1.14.6/byte-buddy-agent-1.14.6-sources.jar
2024-11-22 18:18:15,191 [Worker-33: Download sources and javadoc] INFO  o.e.m.j.internal.DownloadSourcesJob - Downloaded sources for net.bytebuddy:byte-buddy-agent:1.14.6
2024-11-22 18:18:15,217 [Worker-33: Download sources and javadoc] INFO  o.e.m.c.i.e.AbstractTransferListenerAdapter - Downloading https://repo.maven.apache.org/maven2/org/objenesis/objenesis/3.3/objenesis-3.3-sources.jar
2024-11-22 18:18:15,223 [Worker-33: Download sources and javadoc] INFO  o.e.m.c.i.e.AbstractTransferListenerAdapter - Downloaded https://repo.maven.apache.org/maven2/org/objenesis/objenesis/3.3/objenesis-3.3-sources.jar
2024-11-22 18:18:15,225 [Worker-33: Download sources and javadoc] INFO  o.e.m.j.internal.DownloadSourcesJob - Downloaded sources for org.objenesis:objenesis:3.3
2024-11-22 18:18:15,500 [Worker-8: Building] INFO  o.a.m.s.f.DefaultMavenResourcesFiltering - skip non existing resourceDirectory /home/felipe/Escritorio/bootcam java/prueba_modulo4/colegio/src/main/resources
2024-11-22 18:18:15,503 [Worker-8: Building] INFO  o.a.m.s.f.DefaultMavenResourcesFiltering - skip non existing resourceDirectory /home/felipe/Escritorio/bootcam java/prueba_modulo4/colegio/src/test/resources
2024-11-22 18:18:20,463 [Worker-36: Building] INFO  o.e.m.c.i.l.LifecycleMappingFactory - Using org.eclipse.m2e.jdt.JarLifecycleMapping lifecycle mapping for MavenProject: cl.felipetapia:colegio:0.0.1-SNAPSHOT @ /home/felipe/Escritorio/bootcam java/prueba_modulo4/colegio/pom.xml.
2024-11-22 18:18:20,554 [Worker-36: Building] INFO  o.a.m.s.f.DefaultMavenResourcesFiltering - skip non existing resourceDirectory /home/felipe/Escritorio/bootcam java/prueba_modulo4/colegio/src/main/resources
2024-11-22 18:18:20,558 [Worker-36: Building] INFO  o.a.m.s.f.DefaultMavenResourcesFiltering - skip non existing resourceDirectory /home/felipe/Escritorio/bootcam java/prueba_modulo4/colegio/src/test/resources
2024-11-22 18:18:42,041 [Worker-8: Building] INFO  o.a.m.s.f.DefaultMavenResourcesFiltering - skip non existing resourceDirectory /home/felipe/Escritorio/bootcam java/prueba_modulo4/colegio/src/main/resources
2024-11-22 18:18:42,044 [Worker-8: Building] INFO  o.a.m.s.f.DefaultMavenResourcesFiltering - skip non existing resourceDirectory /home/felipe/Escritorio/bootcam java/prueba_modulo4/colegio/src/test/resources
2024-11-22 18:19:17,923 [Worker-8: Building] INFO  o.a.m.s.f.DefaultMavenResourcesFiltering - skip non existing resourceDirectory /home/felipe/Escritorio/bootcam java/prueba_modulo4/colegio/src/main/resources
2024-11-22 18:19:17,925 [Worker-8: Building] INFO  o.a.m.s.f.DefaultMavenResourcesFiltering - skip non existing resourceDirectory /home/felipe/Escritorio/bootcam java/prueba_modulo4/colegio/src/test/resources
2024-11-22 18:24:29,866 [Worker-36: Building] INFO  o.a.m.s.f.DefaultMavenResourcesFiltering - skip non existing resourceDirectory /home/felipe/Escritorio/bootcam java/prueba_modulo4/colegio/src/main/resources
2024-11-22 18:24:29,867 [Worker-36: Building] INFO  o.a.m.s.f.DefaultMavenResourcesFiltering - skip non existing resourceDirectory /home/felipe/Escritorio/bootcam java/prueba_modulo4/colegio/src/test/resources
2024-11-22 18:47:48,196 [Worker-8: Building] INFO  o.a.m.s.f.DefaultMavenResourcesFiltering - skip non existing resourceDirectory /home/felipe/Escritorio/bootcam java/prueba_modulo4/colegio/src/main/resources
2024-11-22 18:47:48,202 [Worker-8: Building] INFO  o.a.m.s.f.DefaultMavenResourcesFiltering - skip non existing resourceDirectory /home/felipe/Escritorio/bootcam java/prueba_modulo4/colegio/src/test/resources
2024-11-22 18:50:01,697 [Worker-30: Building] INFO  o.a.m.s.f.DefaultMavenResourcesFiltering - skip non existing resourceDirectory /home/felipe/Escritorio/bootcam java/prueba_modulo4/colegio/src/main/resources
2024-11-22 18:50:01,698 [Worker-30: Building] INFO  o.a.m.s.f.DefaultMavenResourcesFiltering - skip non existing resourceDirectory /home/felipe/Escritorio/bootcam java/prueba_modulo4/colegio/src/test/resources
2024-11-22 18:56:26,129 [Worker-30: Building] INFO  o.a.m.s.f.DefaultMavenResourcesFiltering - skip non existing resourceDirectory /home/felipe/Escritorio/bootcam java/prueba_modulo4/colegio/src/main/resources
2024-11-22 18:56:26,131 [Worker-30: Building] INFO  o.a.m.s.f.DefaultMavenResourcesFiltering - skip non existing resourceDirectory /home/felipe/Escritorio/bootcam java/prueba_modulo4/colegio/src/test/resources
2024-11-22 19:02:16,307 [Worker-8: Building] INFO  o.a.m.s.f.DefaultMavenResourcesFiltering - skip non existing resourceDirectory /home/felipe/Escritorio/bootcam java/prueba_modulo4/colegio/src/main/resources
2024-11-22 19:02:16,309 [Worker-8: Building] INFO  o.a.m.s.f.DefaultMavenResourcesFiltering - skip non existing resourceDirectory /home/felipe/Escritorio/bootcam java/prueba_modulo4/colegio/src/test/resources
